<?xml version="1.0" encoding="UTF-8"?>
<testng-results skipped="0" failed="0" total="1" passed="1">
  <reporter-output>
  </reporter-output>
  <suite name="ShaadiSanitySuite" duration-ms="49312" started-at="2021-01-13T10:20:34Z" finished-at="2021-01-13T10:21:23Z">
    <groups>
    </groups>
    <test name="SanityTest1" duration-ms="49312" started-at="2021-01-13T10:20:34Z" finished-at="2021-01-13T10:21:23Z">
      <class name="com.shaadi.tests.Test1">
        <test-method status="PASS" signature="setup()[pri:0, instance:com.shaadi.tests.Test1@20322d26]" name="setup" is-config="true" duration-ms="13090" started-at="2021-01-13T15:50:34Z" finished-at="2021-01-13T15:50:47Z">
          <reporter-output>
          </reporter-output>
        </test-method> <!-- setup -->
        <test-method status="PASS" signature="test1()[pri:0, instance:com.shaadi.tests.Test1@20322d26]" name="test1" duration-ms="35507" started-at="2021-01-13T15:50:47Z" finished-at="2021-01-13T15:51:22Z">
          <reporter-output>
          </reporter-output>
        </test-method> <!-- test1 -->
        <test-method status="PASS" signature="shutDown()[pri:0, instance:com.shaadi.tests.Test1@20322d26]" name="shutDown" is-config="true" duration-ms="693" started-at="2021-01-13T15:51:22Z" finished-at="2021-01-13T15:51:23Z">
          <reporter-output>
          </reporter-output>
        </test-method> <!-- shutDown -->
      </class> <!-- com.shaadi.tests.Test1 -->
    </test> <!-- SanityTest1 -->
  </suite> <!-- ShaadiSanitySuite -->
</testng-results>
