<?xml version="1.0" encoding="UTF-8"?>
<testng-results skipped="0" failed="0" ignored="0" total="1" passed="1">
  <reporter-output>
  </reporter-output>
  <suite name="Default suite" duration-ms="36405" started-at="2020-10-19T15:21:36Z" finished-at="2020-10-19T15:22:13Z">
    <groups>
    </groups>
    <test name="Default test" duration-ms="36405" started-at="2020-10-19T15:21:36Z" finished-at="2020-10-19T15:22:13Z">
      <class name="AppiumTests.AndroidSwipeTesting">
        <test-method status="PASS" signature="test1()[pri:0, instance:AppiumTests.AndroidSwipeTesting@724af044]" name="test1" duration-ms="36200" started-at="2020-10-19T15:21:36Z" finished-at="2020-10-19T15:22:12Z">
          <reporter-output>
          </reporter-output>
        </test-method> <!-- test1 -->
      </class> <!-- AppiumTests.AndroidSwipeTesting -->
    </test> <!-- Default test -->
  </suite> <!-- Default suite -->
</testng-results>
